# Logfile created on Mon Feb 19 09:05:52 CST 2007 by logger.rb/1.5.2.7
[19/Feb/2007:09:05:52 :: 874] starting
[19/Feb/2007:09:06:05 :: 874] Dispatcher failed to catch:  (Interrupt)
  /usr/local/lib/ruby/site_ruby/1.8/fcgi.rb:597:in `each'
  /usr/local/lib/ruby/site_ruby/1.8/fcgi.rb:597:in `each_cgi'
  /usr/local/lib/ruby/gems/1.8/gems/rails-1.1.6/lib/fcgi_handler.rb:53:in `process!'
  /usr/local/lib/ruby/gems/1.8/gems/rails-1.1.6/lib/fcgi_handler.rb:23:in `process!'
  /Users/rcdev/project_files/openrico/trunk/openrico/public/dispatch.fcgi:24
killed by this error
[14/Mar/2007:20:58:47 :: 921] starting
[16/Mar/2007:17:22:16 :: 23106] starting
[18/Mar/2007:21:29:35 :: 23106] Dispatcher failed to catch:  (Interrupt)
  /usr/local/lib/ruby/site_ruby/1.8/fcgi.rb:597:in `each'
  /usr/local/lib/ruby/site_ruby/1.8/fcgi.rb:597:in `each_cgi'
  /usr/local/lib/ruby/gems/1.8/gems/rails-1.1.6/lib/fcgi_handler.rb:53:in `process!'
  /usr/local/lib/ruby/gems/1.8/gems/rails-1.1.6/lib/fcgi_handler.rb:23:in `process!'
  /Users/rcdev/project_files/openrico/trunk/openrico/public/dispatch.fcgi:24
killed by this error
[18/Mar/2007:21:29:47 :: 23578] starting
[19/Mar/2007:12:35:54 :: 23578] Dispatcher failed to catch:  (Interrupt)
  /usr/local/lib/ruby/site_ruby/1.8/fcgi.rb:597:in `each'
  /usr/local/lib/ruby/site_ruby/1.8/fcgi.rb:597:in `each_cgi'
  /usr/local/lib/ruby/gems/1.8/gems/rails-1.1.6/lib/fcgi_handler.rb:53:in `process!'
  /usr/local/lib/ruby/gems/1.8/gems/rails-1.1.6/lib/fcgi_handler.rb:23:in `process!'
  /Users/rcdev/project_files/openrico/trunk/openrico/public/dispatch.fcgi:24
killed by this error
[19/Mar/2007:21:27:26 :: 475] starting
[19/Mar/2007:21:35:10 :: 475] Dispatcher failed to catch:  (Interrupt)
  /usr/local/lib/ruby/site_ruby/1.8/fcgi.rb:597:in `each'
  /usr/local/lib/ruby/site_ruby/1.8/fcgi.rb:597:in `each_cgi'
  /usr/local/lib/ruby/gems/1.8/gems/rails-1.1.6/lib/fcgi_handler.rb:53:in `process!'
  /usr/local/lib/ruby/gems/1.8/gems/rails-1.1.6/lib/fcgi_handler.rb:23:in `process!'
  /Users/rcdev/project_files/openrico/trunk/openrico/public/dispatch.fcgi:24
killed by this error
[19/Mar/2007:21:35:15 :: 493] starting
[20/Mar/2007:06:38:00 :: 493] Dispatcher failed to catch:  (Interrupt)
  /usr/local/lib/ruby/site_ruby/1.8/fcgi.rb:597:in `each'
  /usr/local/lib/ruby/site_ruby/1.8/fcgi.rb:597:in `each_cgi'
  /usr/local/lib/ruby/gems/1.8/gems/rails-1.1.6/lib/fcgi_handler.rb:53:in `process!'
  /usr/local/lib/ruby/gems/1.8/gems/rails-1.1.6/lib/fcgi_handler.rb:23:in `process!'
  /Users/rcdev/project_files/openrico/trunk/openrico/public/dispatch.fcgi:24
killed by this error
[20/Mar/2007:06:38:07 :: 586] starting
[20/Mar/2007:07:37:44 :: 586] Dispatcher failed to catch:  (Interrupt)
  /usr/local/lib/ruby/site_ruby/1.8/fcgi.rb:597:in `each'
  /usr/local/lib/ruby/site_ruby/1.8/fcgi.rb:597:in `each_cgi'
  /usr/local/lib/ruby/gems/1.8/gems/rails-1.1.6/lib/fcgi_handler.rb:53:in `process!'
  /usr/local/lib/ruby/gems/1.8/gems/rails-1.1.6/lib/fcgi_handler.rb:23:in `process!'
  /Users/rcdev/project_files/openrico/trunk/openrico/public/dispatch.fcgi:24
killed by this error
[20/Mar/2007:07:37:51 :: 644] starting
[20/Mar/2007:10:30:55 :: 644] Dispatcher failed to catch:  (Interrupt)
  /usr/local/lib/ruby/site_ruby/1.8/fcgi.rb:597:in `each'
  /usr/local/lib/ruby/site_ruby/1.8/fcgi.rb:597:in `each_cgi'
  /usr/local/lib/ruby/gems/1.8/gems/rails-1.1.6/lib/fcgi_handler.rb:53:in `process!'
  /usr/local/lib/ruby/gems/1.8/gems/rails-1.1.6/lib/fcgi_handler.rb:23:in `process!'
  /Users/rcdev/project_files/openrico/trunk/openrico/public/dispatch.fcgi:24
killed by this error
[20/Mar/2007:19:45:14 :: 1311] starting
[21/Mar/2007:12:42:03 :: 1311] Dispatcher failed to catch:  (Interrupt)
  /usr/local/lib/ruby/site_ruby/1.8/fcgi.rb:597:in `each'
  /usr/local/lib/ruby/site_ruby/1.8/fcgi.rb:597:in `each_cgi'
  /usr/local/lib/ruby/gems/1.8/gems/rails-1.1.6/lib/fcgi_handler.rb:53:in `process!'
  /usr/local/lib/ruby/gems/1.8/gems/rails-1.1.6/lib/fcgi_handler.rb:23:in `process!'
  /Users/rcdev/project_files/openrico/trunk/openrico/public/dispatch.fcgi:24
killed by this error
[21/Mar/2007:19:41:59 :: 382] starting
[22/Mar/2007:07:06:33 :: 382] Dispatcher failed to catch:  (Interrupt)
  /usr/local/lib/ruby/site_ruby/1.8/fcgi.rb:597:in `each'
  /usr/local/lib/ruby/site_ruby/1.8/fcgi.rb:597:in `each_cgi'
  /usr/local/lib/ruby/gems/1.8/gems/rails-1.1.6/lib/fcgi_handler.rb:53:in `process!'
  /usr/local/lib/ruby/gems/1.8/gems/rails-1.1.6/lib/fcgi_handler.rb:23:in `process!'
  /Users/rcdev/project_files/openrico/trunk/openrico/public/dispatch.fcgi:24
killed by this error
[23/Mar/2007:19:46:07 :: 598] starting
[26/Mar/2007:22:32:47 :: 1003] starting
[27/Mar/2007:08:14:58 :: 1003] asked to reload ASAP
[27/Mar/2007:08:15:11 :: 1003] asked to terminate immediately
[27/Mar/2007:08:15:11 :: 1003] terminated by explicit exit
[27/Mar/2007:08:36:29 :: 350] starting
[27/Mar/2007:09:13:52 :: 350] Dispatcher failed to catch:  (Interrupt)
  /usr/local/lib/ruby/site_ruby/1.8/fcgi.rb:597:in `each'
  /usr/local/lib/ruby/site_ruby/1.8/fcgi.rb:597:in `each_cgi'
  /usr/local/lib/ruby/gems/1.8/gems/rails-1.1.6/lib/fcgi_handler.rb:53:in `process!'
  /usr/local/lib/ruby/gems/1.8/gems/rails-1.1.6/lib/fcgi_handler.rb:23:in `process!'
  /Users/rcdev/project_files/openrico/trunk/openrico/public/dispatch.fcgi:24
killed by this error
[27/Mar/2007:19:45:18 :: 318] starting
[28/Mar/2007:10:00:58 :: 318] Dispatcher failed to catch:  (Interrupt)
  /usr/local/lib/ruby/site_ruby/1.8/fcgi.rb:597:in `each'
  /usr/local/lib/ruby/site_ruby/1.8/fcgi.rb:597:in `each_cgi'
  /usr/local/lib/ruby/gems/1.8/gems/rails-1.1.6/lib/fcgi_handler.rb:53:in `process!'
  /usr/local/lib/ruby/gems/1.8/gems/rails-1.1.6/lib/fcgi_handler.rb:23:in `process!'
  /Users/rcdev/project_files/openrico/trunk/openrico/public/dispatch.fcgi:24
killed by this error
[01/Apr/2007:17:07:11 :: 3474] starting
[01/Apr/2007:17:07:28 :: 3474] Dispatcher failed to catch:  (Interrupt)
  /usr/local/lib/ruby/site_ruby/1.8/fcgi.rb:597:in `each'
  /usr/local/lib/ruby/site_ruby/1.8/fcgi.rb:597:in `each_cgi'
  /usr/local/lib/ruby/gems/1.8/gems/rails-1.1.6/lib/fcgi_handler.rb:53:in `process!'
  /usr/local/lib/ruby/gems/1.8/gems/rails-1.1.6/lib/fcgi_handler.rb:23:in `process!'
  /Users/rcdev/project_files/openrico/trunk/openrico/public/dispatch.fcgi:24
killed by this error
[04/Apr/2007:22:23:53 :: 1851] starting
[05/Apr/2007:08:26:34 :: 1851] asked to reload ASAP
[05/Apr/2007:08:26:41 :: 1851] asked to terminate immediately
[05/Apr/2007:08:26:41 :: 1851] terminated by explicit exit
[10/Apr/2007:20:05:13 :: 1312] starting
[10/Apr/2007:20:21:11 :: 1312] Dispatcher failed to catch:  (Interrupt)
  /usr/local/lib/ruby/site_ruby/1.8/fcgi.rb:597:in `each'
  /usr/local/lib/ruby/site_ruby/1.8/fcgi.rb:597:in `each_cgi'
  /usr/local/lib/ruby/gems/1.8/gems/rails-1.1.6/lib/fcgi_handler.rb:53:in `process!'
  /usr/local/lib/ruby/gems/1.8/gems/rails-1.1.6/lib/fcgi_handler.rb:23:in `process!'
  /Users/rcdev/project_files/openrico/trunk/openrico/public/dispatch.fcgi:24
killed by this error
[10/Apr/2007:20:21:17 :: 1336] starting
[11/Apr/2007:07:29:47 :: 2058] starting
[11/Apr/2007:11:17:56 :: 2058] Dispatcher failed to catch:  (Interrupt)
  /usr/local/lib/ruby/site_ruby/1.8/fcgi.rb:597:in `each'
  /usr/local/lib/ruby/site_ruby/1.8/fcgi.rb:597:in `each_cgi'
  /usr/local/lib/ruby/gems/1.8/gems/rails-1.1.6/lib/fcgi_handler.rb:53:in `process!'
  /usr/local/lib/ruby/gems/1.8/gems/rails-1.1.6/lib/fcgi_handler.rb:23:in `process!'
  /Users/rcdev/project_files/openrico/trunk/openrico/public/dispatch.fcgi:24
killed by this error
[11/Apr/2007:19:44:08 :: 2738] starting
[12/Apr/2007:12:42:18 :: 2738] Dispatcher failed to catch:  (Interrupt)
  /usr/local/lib/ruby/site_ruby/1.8/fcgi.rb:597:in `each'
  /usr/local/lib/ruby/site_ruby/1.8/fcgi.rb:597:in `each_cgi'
  /usr/local/lib/ruby/gems/1.8/gems/rails-1.1.6/lib/fcgi_handler.rb:53:in `process!'
  /usr/local/lib/ruby/gems/1.8/gems/rails-1.1.6/lib/fcgi_handler.rb:23:in `process!'
  /Users/rcdev/project_files/openrico/trunk/openrico/public/dispatch.fcgi:24
killed by this error
[12/Apr/2007:17:08:03 :: 3312] starting
[13/Apr/2007:11:57:22 :: 3312] Dispatcher failed to catch:  (Interrupt)
  /usr/local/lib/ruby/site_ruby/1.8/fcgi.rb:597:in `each'
  /usr/local/lib/ruby/site_ruby/1.8/fcgi.rb:597:in `each_cgi'
  /usr/local/lib/ruby/gems/1.8/gems/rails-1.1.6/lib/fcgi_handler.rb:53:in `process!'
  /usr/local/lib/ruby/gems/1.8/gems/rails-1.1.6/lib/fcgi_handler.rb:23:in `process!'
  /Users/rcdev/project_files/openrico/trunk/openrico/public/dispatch.fcgi:24
killed by this error
[16/Apr/2007:08:49:07 :: 6136] starting
[16/Apr/2007:08:49:31 :: 6136] Dispatcher failed to catch:  (Interrupt)
  /usr/local/lib/ruby/site_ruby/1.8/fcgi.rb:597:in `each'
  /usr/local/lib/ruby/site_ruby/1.8/fcgi.rb:597:in `each_cgi'
  /usr/local/lib/ruby/gems/1.8/gems/rails-1.1.6/lib/fcgi_handler.rb:53:in `process!'
  /usr/local/lib/ruby/gems/1.8/gems/rails-1.1.6/lib/fcgi_handler.rb:23:in `process!'
  /Users/rcdev/project_files/openrico/trunk/openrico/public/dispatch.fcgi:24
killed by this error
[16/Apr/2007:08:49:45 :: 6152] starting
[16/Apr/2007:08:49:45 :: 6152] Dispatcher failed to catch:  (Interrupt)
  /usr/local/lib/ruby/site_ruby/1.8/fcgi.rb:597:in `each'
  /usr/local/lib/ruby/site_ruby/1.8/fcgi.rb:597:in `each_cgi'
  /usr/local/lib/ruby/gems/1.8/gems/rails-1.1.6/lib/fcgi_handler.rb:53:in `process!'
  /usr/local/lib/ruby/gems/1.8/gems/rails-1.1.6/lib/fcgi_handler.rb:23:in `process!'
  /Users/rcdev/project_files/openrico/trunk/openrico/public/dispatch.fcgi:24
killed by this error
[16/Apr/2007:08:49:52 :: 6162] starting
[16/Apr/2007:08:49:54 :: 6162] Dispatcher failed to catch:  (Interrupt)
  /usr/local/lib/ruby/site_ruby/1.8/fcgi.rb:597:in `each'
  /usr/local/lib/ruby/site_ruby/1.8/fcgi.rb:597:in `each_cgi'
  /usr/local/lib/ruby/gems/1.8/gems/rails-1.1.6/lib/fcgi_handler.rb:53:in `process!'
  /usr/local/lib/ruby/gems/1.8/gems/rails-1.1.6/lib/fcgi_handler.rb:23:in `process!'
  /Users/rcdev/project_files/openrico/trunk/openrico/public/dispatch.fcgi:24
killed by this error
[16/Apr/2007:08:50:03 :: 6172] starting
[16/Apr/2007:08:50:04 :: 6172] Dispatcher failed to catch:  (Interrupt)
  /usr/local/lib/ruby/site_ruby/1.8/fcgi.rb:597:in `each'
  /usr/local/lib/ruby/site_ruby/1.8/fcgi.rb:597:in `each_cgi'
  /usr/local/lib/ruby/gems/1.8/gems/rails-1.1.6/lib/fcgi_handler.rb:53:in `process!'
  /usr/local/lib/ruby/gems/1.8/gems/rails-1.1.6/lib/fcgi_handler.rb:23:in `process!'
  /Users/rcdev/project_files/openrico/trunk/openrico/public/dispatch.fcgi:24
killed by this error
[16/Apr/2007:08:50:10 :: 6182] starting
[16/Apr/2007:08:50:11 :: 6182] Dispatcher failed to catch:  (Interrupt)
  /usr/local/lib/ruby/site_ruby/1.8/fcgi.rb:597:in `each'
  /usr/local/lib/ruby/site_ruby/1.8/fcgi.rb:597:in `each_cgi'
  /usr/local/lib/ruby/gems/1.8/gems/rails-1.1.6/lib/fcgi_handler.rb:53:in `process!'
  /usr/local/lib/ruby/gems/1.8/gems/rails-1.1.6/lib/fcgi_handler.rb:23:in `process!'
  /Users/rcdev/project_files/openrico/trunk/openrico/public/dispatch.fcgi:24
killed by this error
[16/Apr/2007:08:50:19 :: 6192] starting
[16/Apr/2007:08:51:30 :: 6192] Dispatcher failed to catch:  (Interrupt)
  /usr/local/lib/ruby/site_ruby/1.8/fcgi.rb:597:in `each'
  /usr/local/lib/ruby/site_ruby/1.8/fcgi.rb:597:in `each_cgi'
  /usr/local/lib/ruby/gems/1.8/gems/rails-1.1.6/lib/fcgi_handler.rb:53:in `process!'
  /usr/local/lib/ruby/gems/1.8/gems/rails-1.1.6/lib/fcgi_handler.rb:23:in `process!'
  /Users/rcdev/project_files/openrico/trunk/openrico/public/dispatch.fcgi:24
killed by this error
[16/Apr/2007:08:54:18 :: 6206] starting
[16/Apr/2007:08:54:20 :: 6206] Dispatcher failed to catch:  (Interrupt)
  /usr/local/lib/ruby/site_ruby/1.8/fcgi.rb:597:in `each'
  /usr/local/lib/ruby/site_ruby/1.8/fcgi.rb:597:in `each_cgi'
  /usr/local/lib/ruby/gems/1.8/gems/rails-1.1.6/lib/fcgi_handler.rb:53:in `process!'
  /usr/local/lib/ruby/gems/1.8/gems/rails-1.1.6/lib/fcgi_handler.rb:23:in `process!'
  /Users/rcdev/project_files/openrico/trunk/openrico/public/dispatch.fcgi:24
killed by this error
[14/May/2007:21:02:08 :: 5388] starting
[14/May/2007:21:05:25 :: 5388] Dispatcher failed to catch:  (Interrupt)
  /usr/local/lib/ruby/site_ruby/1.8/fcgi.rb:597:in `each'
  /usr/local/lib/ruby/site_ruby/1.8/fcgi.rb:597:in `each_cgi'
  /usr/local/lib/ruby/gems/1.8/gems/rails-1.1.6/lib/fcgi_handler.rb:53:in `process!'
  /usr/local/lib/ruby/gems/1.8/gems/rails-1.1.6/lib/fcgi_handler.rb:23:in `process!'
  /Users/rcdev/project_files/openrico/trunk/demos/public/dispatch.fcgi:24
killed by this error
[14/May/2007:21:05:30 :: 5399] starting
[14/May/2007:21:24:36 :: 5399] Dispatcher failed to catch:  (Interrupt)
  /usr/local/lib/ruby/site_ruby/1.8/fcgi.rb:597:in `each'
  /usr/local/lib/ruby/site_ruby/1.8/fcgi.rb:597:in `each_cgi'
  /usr/local/lib/ruby/gems/1.8/gems/rails-1.1.6/lib/fcgi_handler.rb:53:in `process!'
  /usr/local/lib/ruby/gems/1.8/gems/rails-1.1.6/lib/fcgi_handler.rb:23:in `process!'
  /Users/rcdev/project_files/openrico/trunk/demos/public/dispatch.fcgi:24
killed by this error
[14/May/2007:21:24:43 :: 5421] starting
[14/May/2007:21:26:21 :: 5422] starting
[14/May/2007:21:31:54 :: 5422] Dispatcher failed to catch:  (Interrupt)
  /usr/local/lib/ruby/site_ruby/1.8/fcgi.rb:597:in `each'
  /usr/local/lib/ruby/site_ruby/1.8/fcgi.rb:597:in `each_cgi'
  /usr/local/lib/ruby/gems/1.8/gems/rails-1.1.6/lib/fcgi_handler.rb:53:in `process!'
  /usr/local/lib/ruby/gems/1.8/gems/rails-1.1.6/lib/fcgi_handler.rb:23:in `process!'
  /Users/rcdev/project_files/openrico/trunk/demos/public/dispatch.fcgi:24
killed by this error
[14/May/2007:21:31:58 :: 5436] starting
